<?xml version="1.0" encoding="UTF-8"?>
<coverage generated="1762895533493" clover="3.2.0">
  <project timestamp="1762895533493" name="All files">
    <metrics statements="206" coveredstatements="115" conditionals="99" coveredconditionals="59" methods="32" coveredmethods="25" elements="337" coveredelements="199" complexity="0" loc="206" ncloc="206" packages="8" files="12" classes="12"/>
    <package name="neo-take-home">
      <metrics statements="12" coveredstatements="0" conditionals="2" coveredconditionals="0" methods="1" coveredmethods="0"/>
      <file name="index.ts" path="/home/coronell/projects/neo-take-home/index.ts">
        <metrics statements="12" coveredstatements="0" conditionals="2" coveredconditionals="0" methods="1" coveredmethods="0"/>
        <line num="1" count="0" type="stmt"/>
        <line num="2" count="0" type="stmt"/>
        <line num="3" count="0" type="stmt"/>
        <line num="4" count="0" type="stmt"/>
        <line num="6" count="0" type="stmt"/>
        <line num="8" count="0" type="cond" truecount="0" falsecount="2"/>
        <line num="11" count="0" type="stmt"/>
        <line num="12" count="0" type="stmt"/>
        <line num="15" count="0" type="stmt"/>
        <line num="16" count="0" type="stmt"/>
        <line num="18" count="0" type="stmt"/>
        <line num="19" count="0" type="stmt"/>
      </file>
    </package>
    <package name="neo-take-home.constants">
      <metrics statements="2" coveredstatements="2" conditionals="0" coveredconditionals="0" methods="0" coveredmethods="0"/>
      <file name="index.ts" path="/home/coronell/projects/neo-take-home/constants/index.ts">
        <metrics statements="2" coveredstatements="2" conditionals="0" coveredconditionals="0" methods="0" coveredmethods="0"/>
        <line num="1" count="4" type="stmt"/>
        <line num="4" count="4" type="stmt"/>
      </file>
    </package>
    <package name="neo-take-home.controllers">
      <metrics statements="63" coveredstatements="0" conditionals="35" coveredconditionals="0" methods="6" coveredmethods="0"/>
      <file name="battle.ts" path="/home/coronell/projects/neo-take-home/controllers/battle.ts">
        <metrics statements="20" coveredstatements="0" conditionals="17" coveredconditionals="0" methods="1" coveredmethods="0"/>
        <line num="2" count="0" type="stmt"/>
        <line num="4" count="0" type="stmt"/>
        <line num="6" count="0" type="stmt"/>
        <line num="7" count="0" type="stmt"/>
        <line num="10" count="0" type="cond" truecount="0" falsecount="4"/>
        <line num="11" count="0" type="stmt"/>
        <line num="12" count="0" type="stmt"/>
        <line num="15" count="0" type="cond" truecount="0" falsecount="4"/>
        <line num="16" count="0" type="stmt"/>
        <line num="17" count="0" type="stmt"/>
        <line num="20" count="0" type="cond" truecount="0" falsecount="2"/>
        <line num="21" count="0" type="stmt"/>
        <line num="22" count="0" type="stmt"/>
        <line num="25" count="0" type="stmt"/>
        <line num="26" count="0" type="stmt"/>
        <line num="28" count="0" type="cond" truecount="0" falsecount="2"/>
        <line num="29" count="0" type="cond" truecount="0" falsecount="5"/>
        <line num="30" count="0" type="stmt"/>
        <line num="32" count="0" type="stmt"/>
        <line num="35" count="0" type="stmt"/>
      </file>
      <file name="characters.ts" path="/home/coronell/projects/neo-take-home/controllers/characters.ts">
        <metrics statements="43" coveredstatements="0" conditionals="18" coveredconditionals="0" methods="5" coveredmethods="0"/>
        <line num="2" count="0" type="stmt"/>
        <line num="5" count="0" type="stmt"/>
        <line num="7" count="0" type="stmt"/>
        <line num="8" count="0" type="stmt"/>
        <line num="9" count="0" type="stmt"/>
        <line num="11" count="0" type="stmt"/>
        <line num="16" count="0" type="stmt"/>
        <line num="17" count="0" type="stmt"/>
        <line num="18" count="0" type="stmt"/>
        <line num="20" count="0" type="cond" truecount="0" falsecount="2"/>
        <line num="21" count="0" type="stmt"/>
        <line num="22" count="0" type="stmt"/>
        <line num="25" count="0" type="stmt"/>
        <line num="27" count="0" type="stmt"/>
        <line num="32" count="0" type="stmt"/>
        <line num="33" count="0" type="stmt"/>
        <line num="35" count="0" type="cond" truecount="0" falsecount="4"/>
        <line num="36" count="0" type="stmt"/>
        <line num="37" count="0" type="stmt"/>
        <line num="40" count="0" type="stmt"/>
        <line num="41" count="0" type="stmt"/>
        <line num="43" count="0" type="cond" truecount="0" falsecount="4"/>
        <line num="44" count="0" type="stmt"/>
        <line num="46" count="0" type="stmt"/>
        <line num="52" count="0" type="stmt"/>
        <line num="53" count="0" type="stmt"/>
        <line num="54" count="0" type="stmt"/>
        <line num="56" count="0" type="stmt"/>
        <line num="58" count="0" type="cond" truecount="0" falsecount="2"/>
        <line num="59" count="0" type="stmt"/>
        <line num="60" count="0" type="stmt"/>
        <line num="63" count="0" type="stmt"/>
        <line num="65" count="0" type="cond" truecount="0" falsecount="4"/>
        <line num="66" count="0" type="stmt"/>
        <line num="68" count="0" type="stmt"/>
        <line num="74" count="0" type="stmt"/>
        <line num="75" count="0" type="stmt"/>
        <line num="76" count="0" type="stmt"/>
        <line num="78" count="0" type="cond" truecount="0" falsecount="2"/>
        <line num="79" count="0" type="stmt"/>
        <line num="80" count="0" type="stmt"/>
        <line num="83" count="0" type="stmt"/>
        <line num="85" count="0" type="stmt"/>
      </file>
    </package>
    <package name="neo-take-home.models">
      <metrics statements="25" coveredstatements="25" conditionals="16" coveredconditionals="14" methods="7" coveredmethods="7"/>
      <file name="characters.ts" path="/home/coronell/projects/neo-take-home/models/characters.ts">
        <metrics statements="25" coveredstatements="25" conditionals="16" coveredconditionals="14" methods="7" coveredmethods="7"/>
        <line num="3" count="4" type="stmt"/>
        <line num="13" count="194" type="stmt"/>
        <line num="14" count="194" type="stmt"/>
        <line num="18" count="194" type="cond" truecount="2" falsecount="0"/>
        <line num="23" count="276" type="stmt"/>
        <line num="24" count="276" type="cond" truecount="1" falsecount="1"/>
        <line num="25" count="276" type="stmt"/>
        <line num="27" count="276" type="cond" truecount="2" falsecount="0"/>
        <line num="28" count="275" type="stmt"/>
        <line num="30" count="276" type="cond" truecount="2" falsecount="0"/>
        <line num="31" count="116" type="stmt"/>
        <line num="34" count="276" type="stmt"/>
        <line num="38" count="294" type="stmt"/>
        <line num="39" count="294" type="cond" truecount="2" falsecount="0"/>
        <line num="40" count="118" type="stmt"/>
        <line num="42" count="294" type="cond" truecount="1" falsecount="1"/>
        <line num="43" count="294" type="stmt"/>
        <line num="45" count="294" type="cond" truecount="2" falsecount="0"/>
        <line num="46" count="168" type="stmt"/>
        <line num="48" count="294" type="stmt"/>
        <line num="52" count="339" type="stmt"/>
        <line num="56" count="129" type="stmt"/>
        <line num="60" count="59" type="cond" truecount="2" falsecount="0"/>
        <line num="64" count="150" type="stmt"/>
        <line num="89" count="4" type="stmt"/>
      </file>
    </package>
    <package name="neo-take-home.repositories">
      <metrics statements="15" coveredstatements="15" conditionals="2" coveredconditionals="2" methods="8" coveredmethods="8"/>
      <file name="characters.ts" path="/home/coronell/projects/neo-take-home/repositories/characters.ts">
        <metrics statements="15" coveredstatements="15" conditionals="2" coveredconditionals="2" methods="8" coveredmethods="8"/>
        <line num="3" count="3" type="stmt"/>
        <line num="4" count="3" type="stmt"/>
        <line num="5" count="3" type="stmt"/>
        <line num="8" count="18" type="stmt"/>
        <line num="12" count="223" type="stmt"/>
        <line num="16" count="106" type="stmt"/>
        <line num="17" count="106" type="stmt"/>
        <line num="18" count="106" type="stmt"/>
        <line num="22" count="90" type="stmt"/>
        <line num="23" count="60" type="cond" truecount="2" falsecount="0"/>
        <line num="24" count="59" type="stmt"/>
        <line num="25" count="59" type="stmt"/>
        <line num="29" count="9" type="stmt"/>
        <line num="30" count="11" type="stmt"/>
        <line num="31" count="9" type="stmt"/>
      </file>
    </package>
    <package name="neo-take-home.routes">
      <metrics statements="14" coveredstatements="0" conditionals="0" coveredconditionals="0" methods="0" coveredmethods="0"/>
      <file name="battle.ts" path="/home/coronell/projects/neo-take-home/routes/battle.ts">
        <metrics statements="5" coveredstatements="0" conditionals="0" coveredconditionals="0" methods="0" coveredmethods="0"/>
        <line num="1" count="0" type="stmt"/>
        <line num="2" count="0" type="stmt"/>
        <line num="4" count="0" type="stmt"/>
        <line num="7" count="0" type="stmt"/>
        <line num="9" count="0" type="stmt"/>
      </file>
      <file name="characters.ts" path="/home/coronell/projects/neo-take-home/routes/characters.ts">
        <metrics statements="9" coveredstatements="0" conditionals="0" coveredconditionals="0" methods="0" coveredmethods="0"/>
        <line num="1" count="0" type="stmt"/>
        <line num="2" count="0" type="stmt"/>
        <line num="4" count="0" type="stmt"/>
        <line num="6" count="0" type="stmt"/>
        <line num="7" count="0" type="stmt"/>
        <line num="8" count="0" type="stmt"/>
        <line num="9" count="0" type="stmt"/>
        <line num="10" count="0" type="stmt"/>
        <line num="12" count="0" type="stmt"/>
      </file>
    </package>
    <package name="neo-take-home.services">
      <metrics statements="67" coveredstatements="65" conditionals="42" coveredconditionals="41" methods="9" coveredmethods="9"/>
      <file name="battle.ts" path="/home/coronell/projects/neo-take-home/services/battle.ts">
        <metrics statements="34" coveredstatements="32" conditionals="16" coveredconditionals="16" methods="1" coveredmethods="1"/>
        <line num="2" count="1" type="stmt"/>
        <line num="4" count="1" type="stmt"/>
        <line num="7" count="28" type="stmt"/>
        <line num="8" count="28" type="stmt"/>
        <line num="10" count="28" type="cond" truecount="2" falsecount="0"/>
        <line num="11" count="1" type="stmt"/>
        <line num="14" count="27" type="cond" truecount="2" falsecount="0"/>
        <line num="15" count="1" type="stmt"/>
        <line num="19" count="26" type="cond" truecount="2" falsecount="0"/>
        <line num="20" count="1" type="stmt"/>
        <line num="23" count="25" type="cond" truecount="2" falsecount="0"/>
        <line num="24" count="1" type="stmt"/>
        <line num="27" count="24" type="stmt"/>
        <line num="30" count="24" type="cond" truecount="2" falsecount="0"/>
        <line num="31" count="69" type="stmt"/>
        <line num="32" count="69" type="stmt"/>
        <line num="35" count="69" type="stmt"/>
        <line num="36" count="0" type="stmt"/>
        <line num="37" count="0" type="stmt"/>
        <line num="40" count="69" type="cond" truecount="2" falsecount="0"/>
        <line num="42" count="69" type="stmt"/>
        <line num="44" count="69" type="stmt"/>
        <line num="46" count="69" type="stmt"/>
        <line num="48" count="69" type="stmt"/>
        <line num="51" count="69" type="cond" truecount="2" falsecount="0"/>
        <line num="52" count="52" type="stmt"/>
        <line num="53" count="52" type="stmt"/>
        <line num="54" count="52" type="stmt"/>
        <line num="58" count="24" type="cond" truecount="2" falsecount="0"/>
        <line num="59" count="24" type="stmt"/>
        <line num="62" count="24" type="stmt"/>
        <line num="67" count="24" type="stmt"/>
        <line num="73" count="24" type="stmt"/>
        <line num="75" count="24" type="stmt"/>
      </file>
      <file name="characters.ts" path="/home/coronell/projects/neo-take-home/services/characters.ts">
        <metrics statements="33" coveredstatements="33" conditionals="26" coveredconditionals="25" methods="8" coveredmethods="8"/>
        <line num="1" count="2" type="stmt"/>
        <line num="5" count="2" type="stmt"/>
        <line num="7" count="2" type="stmt"/>
        <line num="9" count="87" type="stmt"/>
        <line num="11" count="87" type="cond" truecount="4" falsecount="0"/>
        <line num="12" count="4" type="stmt"/>
        <line num="15" count="87" type="stmt"/>
        <line num="16" count="87" type="cond" truecount="2" falsecount="0"/>
        <line num="17" count="2" type="stmt"/>
        <line num="20" count="87" type="cond" truecount="2" falsecount="0"/>
        <line num="21" count="5" type="stmt"/>
        <line num="26" count="8" type="stmt"/>
        <line num="27" count="8" type="stmt"/>
        <line num="35" count="11" type="stmt"/>
        <line num="36" count="11" type="cond" truecount="2" falsecount="0"/>
        <line num="40" count="71" type="stmt"/>
        <line num="44" count="84" type="stmt"/>
        <line num="45" count="80" type="stmt"/>
        <line num="46" count="80" type="stmt"/>
        <line num="47" count="80" type="stmt"/>
        <line num="51" count="58" type="stmt"/>
        <line num="52" count="58" type="cond" truecount="2" falsecount="0"/>
        <line num="54" count="57" type="cond" truecount="2" falsecount="0"/>
        <line num="56" count="57" type="cond" truecount="2" falsecount="0"/>
        <line num="57" count="3" type="stmt"/>
        <line num="61" count="56" type="stmt"/>
        <line num="62" count="56" type="cond" truecount="4" falsecount="0"/>
        <line num="63" count="53" type="stmt"/>
        <line num="69" count="56" type="stmt"/>
        <line num="76" count="56" type="stmt"/>
        <line num="77" count="56" type="stmt"/>
        <line num="79" count="56" type="cond" truecount="1" falsecount="1"/>
        <line num="83" count="3" type="stmt"/>
      </file>
    </package>
    <package name="neo-take-home.types">
      <metrics statements="8" coveredstatements="8" conditionals="2" coveredconditionals="2" methods="1" coveredmethods="1"/>
      <file name="index.ts" path="/home/coronell/projects/neo-take-home/types/index.ts">
        <metrics statements="4" coveredstatements="4" conditionals="0" coveredconditionals="0" methods="0" coveredmethods="0"/>
        <line num="1" count="4" type="stmt"/>
        <line num="2" count="4" type="stmt"/>
        <line num="3" count="4" type="stmt"/>
        <line num="4" count="4" type="stmt"/>
      </file>
      <file name="job.ts" path="/home/coronell/projects/neo-take-home/types/job.ts">
        <metrics statements="4" coveredstatements="4" conditionals="2" coveredconditionals="2" methods="1" coveredmethods="1"/>
        <line num="1" count="4" type="cond" truecount="2" falsecount="0"/>
        <line num="2" count="4" type="stmt"/>
        <line num="3" count="4" type="stmt"/>
        <line num="4" count="4" type="stmt"/>
      </file>
    </package>
  </project>
</coverage>
