{"/home/coronell/projects/neo-take-home/index.ts": {"path":"/home/coronell/projects/neo-take-home/index.ts","statementMap":{"0":{"start":{"line":1,"column":0},"end":{"line":1,"column":30}},"1":{"start":{"line":2,"column":0},"end":{"line":2,"column":24}},"2":{"start":{"line":3,"column":0},"end":{"line":3,"column":50}},"3":{"start":{"line":4,"column":0},"end":{"line":4,"column":43}},"4":{"start":{"line":6,"column":12},"end":{"line":6,"column":21}},"5":{"start":{"line":8,"column":13},"end":{"line":8,"column":37}},"6":{"start":{"line":11,"column":0},"end":{"line":11,"column":16}},"7":{"start":{"line":12,"column":0},"end":{"line":12,"column":24}},"8":{"start":{"line":15,"column":0},"end":{"line":15,"column":44}},"9":{"start":{"line":16,"column":0},"end":{"line":16,"column":37}},"10":{"start":{"line":18,"column":0},"end":{"line":20,"column":null}},"11":{"start":{"line":19,"column":4},"end":{"line":19,"column":null}}},"fnMap":{"0":{"name":"(anonymous_1)","decl":{"start":{"line":18,"column":17},"end":{"line":18,"column":20}},"loc":{"start":{"line":18,"column":22},"end":{"line":20,"column":1}}}},"branchMap":{"0":{"loc":{"start":{"line":8,"column":13},"end":{"line":8,"column":37}},"type":"binary-expr","locations":[{"start":{"line":8,"column":13},"end":{"line":8,"column":29}},{"start":{"line":8,"column":33},"end":{"line":8,"column":37}}]}},"s":{"0":0,"1":0,"2":0,"3":0,"4":0,"5":0,"6":0,"7":0,"8":0,"9":0,"10":0,"11":0},"f":{"0":0},"b":{"0":[0,0]}}
,"/home/coronell/projects/neo-take-home/constants/index.ts": {"path":"/home/coronell/projects/neo-take-home/constants/index.ts","statementMap":{"0":{"start":{"line":1,"column":0},"end":{"line":1,"column":31}},"1":{"start":{"line":4,"column":13},"end":{"line":66,"column":null}}},"fnMap":{},"branchMap":{},"s":{"0":4,"1":4},"f":{},"b":{}}
,"/home/coronell/projects/neo-take-home/controllers/battle.ts": {"path":"/home/coronell/projects/neo-take-home/controllers/battle.ts","statementMap":{"0":{"start":{"line":2,"column":0},"end":{"line":2,"column":51}},"1":{"start":{"line":6,"column":8},"end":{"line":37,"column":9}},"2":{"start":{"line":7,"column":51},"end":{"line":7,"column":59}},"3":{"start":{"line":10,"column":12},"end":{"line":13,"column":13}},"4":{"start":{"line":11,"column":16},"end":{"line":11,"column":99}},"5":{"start":{"line":12,"column":16},"end":{"line":12,"column":23}},"6":{"start":{"line":15,"column":12},"end":{"line":18,"column":13}},"7":{"start":{"line":16,"column":16},"end":{"line":16,"column":81}},"8":{"start":{"line":17,"column":16},"end":{"line":17,"column":23}},"9":{"start":{"line":20,"column":12},"end":{"line":23,"column":13}},"10":{"start":{"line":21,"column":16},"end":{"line":21,"column":84}},"11":{"start":{"line":22,"column":16},"end":{"line":22,"column":23}},"12":{"start":{"line":25,"column":33},"end":{"line":25,"column":86}},"13":{"start":{"line":26,"column":12},"end":{"line":26,"column":47}},"14":{"start":{"line":28,"column":12},"end":{"line":36,"column":13}},"15":{"start":{"line":29,"column":16},"end":{"line":33,"column":17}},"16":{"start":{"line":30,"column":20},"end":{"line":30,"column":67}},"17":{"start":{"line":32,"column":20},"end":{"line":32,"column":78}},"18":{"start":{"line":35,"column":16},"end":{"line":35,"column":74}},"19":{"start":{"line":4,"column":0},"end":{"line":4,"column":13}}},"fnMap":{"0":{"name":"(anonymous_0)","decl":{"start":{"line":5,"column":4},"end":{"line":5,"column":10}},"loc":{"start":{"line":5,"column":56},"end":{"line":38,"column":5}}}},"branchMap":{"0":{"loc":{"start":{"line":10,"column":12},"end":{"line":13,"column":13}},"type":"if","locations":[{"start":{"line":10,"column":12},"end":{"line":13,"column":13}},{"start":{},"end":{}}]},"1":{"loc":{"start":{"line":10,"column":16},"end":{"line":10,"column":46}},"type":"binary-expr","locations":[{"start":{"line":10,"column":16},"end":{"line":10,"column":29}},{"start":{"line":10,"column":33},"end":{"line":10,"column":46}}]},"2":{"loc":{"start":{"line":15,"column":12},"end":{"line":18,"column":13}},"type":"if","locations":[{"start":{"line":15,"column":12},"end":{"line":18,"column":13}},{"start":{},"end":{}}]},"3":{"loc":{"start":{"line":15,"column":16},"end":{"line":15,"column":84}},"type":"binary-expr","locations":[{"start":{"line":15,"column":16},"end":{"line":15,"column":48}},{"start":{"line":15,"column":52},"end":{"line":15,"column":84}}]},"4":{"loc":{"start":{"line":20,"column":12},"end":{"line":23,"column":13}},"type":"if","locations":[{"start":{"line":20,"column":12},"end":{"line":23,"column":13}},{"start":{},"end":{}}]},"5":{"loc":{"start":{"line":28,"column":12},"end":{"line":36,"column":13}},"type":"if","locations":[{"start":{"line":28,"column":12},"end":{"line":36,"column":13}},{"start":{"line":34,"column":19},"end":{"line":36,"column":13}}]},"6":{"loc":{"start":{"line":29,"column":16},"end":{"line":33,"column":17}},"type":"if","locations":[{"start":{"line":29,"column":16},"end":{"line":33,"column":17}},{"start":{"line":31,"column":23},"end":{"line":33,"column":17}}]},"7":{"loc":{"start":{"line":29,"column":20},"end":{"line":29,"column":147}},"type":"binary-expr","locations":[{"start":{"line":29,"column":20},"end":{"line":29,"column":55}},{"start":{"line":29,"column":59},"end":{"line":29,"column":97}},{"start":{"line":29,"column":101},"end":{"line":29,"column":147}}]}},"s":{"0":0,"1":0,"2":0,"3":0,"4":0,"5":0,"6":0,"7":0,"8":0,"9":0,"10":0,"11":0,"12":0,"13":0,"14":0,"15":0,"16":0,"17":0,"18":0,"19":0},"f":{"0":0},"b":{"0":[0,0],"1":[0,0],"2":[0,0],"3":[0,0],"4":[0,0],"5":[0,0],"6":[0,0],"7":[0,0,0]}}
,"/home/coronell/projects/neo-take-home/controllers/characters.ts": {"path":"/home/coronell/projects/neo-take-home/controllers/characters.ts","statementMap":{"0":{"start":{"line":2,"column":0},"end":{"line":2,"column":58}},"1":{"start":{"line":7,"column":8},"end":{"line":12,"column":9}},"2":{"start":{"line":8,"column":31},"end":{"line":8,"column":66}},"3":{"start":{"line":9,"column":12},"end":{"line":9,"column":45}},"4":{"start":{"line":11,"column":12},"end":{"line":11,"column":77}},"5":{"start":{"line":16,"column":8},"end":{"line":28,"column":9}},"6":{"start":{"line":17,"column":23},"end":{"line":17,"column":46}},"7":{"start":{"line":18,"column":30},"end":{"line":18,"column":67}},"8":{"start":{"line":20,"column":12},"end":{"line":23,"column":13}},"9":{"start":{"line":21,"column":16},"end":{"line":21,"column":71}},"10":{"start":{"line":22,"column":16},"end":{"line":22,"column":23}},"11":{"start":{"line":25,"column":12},"end":{"line":25,"column":44}},"12":{"start":{"line":27,"column":12},"end":{"line":27,"column":76}},"13":{"start":{"line":32,"column":8},"end":{"line":48,"column":9}},"14":{"start":{"line":33,"column":46},"end":{"line":33,"column":54}},"15":{"start":{"line":35,"column":12},"end":{"line":38,"column":13}},"16":{"start":{"line":36,"column":16},"end":{"line":36,"column":77}},"17":{"start":{"line":37,"column":16},"end":{"line":37,"column":23}},"18":{"start":{"line":40,"column":33},"end":{"line":40,"column":80}},"19":{"start":{"line":41,"column":12},"end":{"line":41,"column":47}},"20":{"start":{"line":43,"column":12},"end":{"line":47,"column":13}},"21":{"start":{"line":44,"column":16},"end":{"line":44,"column":63}},"22":{"start":{"line":46,"column":16},"end":{"line":46,"column":78}},"23":{"start":{"line":52,"column":8},"end":{"line":70,"column":9}},"24":{"start":{"line":53,"column":23},"end":{"line":53,"column":46}},"25":{"start":{"line":54,"column":55},"end":{"line":54,"column":63}},"26":{"start":{"line":56,"column":37},"end":{"line":56,"column":88}},"27":{"start":{"line":58,"column":12},"end":{"line":61,"column":13}},"28":{"start":{"line":59,"column":16},"end":{"line":59,"column":71}},"29":{"start":{"line":60,"column":16},"end":{"line":60,"column":23}},"30":{"start":{"line":63,"column":12},"end":{"line":63,"column":51}},"31":{"start":{"line":65,"column":12},"end":{"line":69,"column":13}},"32":{"start":{"line":66,"column":16},"end":{"line":66,"column":63}},"33":{"start":{"line":68,"column":16},"end":{"line":68,"column":78}},"34":{"start":{"line":74,"column":8},"end":{"line":86,"column":9}},"35":{"start":{"line":75,"column":23},"end":{"line":75,"column":46}},"36":{"start":{"line":76,"column":28},"end":{"line":76,"column":64}},"37":{"start":{"line":78,"column":12},"end":{"line":81,"column":13}},"38":{"start":{"line":79,"column":16},"end":{"line":79,"column":71}},"39":{"start":{"line":80,"column":16},"end":{"line":80,"column":23}},"40":{"start":{"line":83,"column":12},"end":{"line":83,"column":35}},"41":{"start":{"line":85,"column":12},"end":{"line":85,"column":74}},"42":{"start":{"line":5,"column":0},"end":{"line":5,"column":13}}},"fnMap":{"0":{"name":"(anonymous_0)","decl":{"start":{"line":6,"column":4},"end":{"line":6,"column":10}},"loc":{"start":{"line":6,"column":51},"end":{"line":13,"column":5}}},"1":{"name":"(anonymous_1)","decl":{"start":{"line":15,"column":4},"end":{"line":15,"column":10}},"loc":{"start":{"line":15,"column":52},"end":{"line":29,"column":5}}},"2":{"name":"(anonymous_2)","decl":{"start":{"line":31,"column":4},"end":{"line":31,"column":10}},"loc":{"start":{"line":31,"column":51},"end":{"line":49,"column":5}}},"3":{"name":"(anonymous_3)","decl":{"start":{"line":51,"column":4},"end":{"line":51,"column":10}},"loc":{"start":{"line":51,"column":51},"end":{"line":71,"column":5}}},"4":{"name":"(anonymous_4)","decl":{"start":{"line":73,"column":4},"end":{"line":73,"column":10}},"loc":{"start":{"line":73,"column":51},"end":{"line":87,"column":5}}}},"branchMap":{"0":{"loc":{"start":{"line":20,"column":12},"end":{"line":23,"column":13}},"type":"if","locations":[{"start":{"line":20,"column":12},"end":{"line":23,"column":13}},{"start":{},"end":{}}]},"1":{"loc":{"start":{"line":35,"column":12},"end":{"line":38,"column":13}},"type":"if","locations":[{"start":{"line":35,"column":12},"end":{"line":38,"column":13}},{"start":{},"end":{}}]},"2":{"loc":{"start":{"line":35,"column":16},"end":{"line":35,"column":57}},"type":"binary-expr","locations":[{"start":{"line":35,"column":16},"end":{"line":35,"column":35}},{"start":{"line":35,"column":39},"end":{"line":35,"column":57}}]},"3":{"loc":{"start":{"line":43,"column":12},"end":{"line":47,"column":13}},"type":"if","locations":[{"start":{"line":43,"column":12},"end":{"line":47,"column":13}},{"start":{"line":45,"column":19},"end":{"line":47,"column":13}}]},"4":{"loc":{"start":{"line":43,"column":16},"end":{"line":43,"column":84}},"type":"binary-expr","locations":[{"start":{"line":43,"column":16},"end":{"line":43,"column":38}},{"start":{"line":43,"column":42},"end":{"line":43,"column":84}}]},"5":{"loc":{"start":{"line":58,"column":12},"end":{"line":61,"column":13}},"type":"if","locations":[{"start":{"line":58,"column":12},"end":{"line":61,"column":13}},{"start":{},"end":{}}]},"6":{"loc":{"start":{"line":65,"column":12},"end":{"line":69,"column":13}},"type":"if","locations":[{"start":{"line":65,"column":12},"end":{"line":69,"column":13}},{"start":{"line":67,"column":19},"end":{"line":69,"column":13}}]},"7":{"loc":{"start":{"line":65,"column":16},"end":{"line":65,"column":84}},"type":"binary-expr","locations":[{"start":{"line":65,"column":16},"end":{"line":65,"column":38}},{"start":{"line":65,"column":42},"end":{"line":65,"column":84}}]},"8":{"loc":{"start":{"line":78,"column":12},"end":{"line":81,"column":13}},"type":"if","locations":[{"start":{"line":78,"column":12},"end":{"line":81,"column":13}},{"start":{},"end":{}}]}},"s":{"0":0,"1":0,"2":0,"3":0,"4":0,"5":0,"6":0,"7":0,"8":0,"9":0,"10":0,"11":0,"12":0,"13":0,"14":0,"15":0,"16":0,"17":0,"18":0,"19":0,"20":0,"21":0,"22":0,"23":0,"24":0,"25":0,"26":0,"27":0,"28":0,"29":0,"30":0,"31":0,"32":0,"33":0,"34":0,"35":0,"36":0,"37":0,"38":0,"39":0,"40":0,"41":0,"42":0},"f":{"0":0,"1":0,"2":0,"3":0,"4":0},"b":{"0":[0,0],"1":[0,0],"2":[0,0],"3":[0,0],"4":[0,0],"5":[0,0],"6":[0,0],"7":[0,0],"8":[0,0]}}
,"/home/coronell/projects/neo-take-home/models/characters.ts": {"path":"/home/coronell/projects/neo-take-home/models/characters.ts","statementMap":{"0":{"start":{"line":3,"column":0},"end":{"line":3,"column":42}},"1":{"start":{"line":13,"column":8},"end":{"line":13,"column":35}},"2":{"start":{"line":14,"column":8},"end":{"line":14,"column":33}},"3":{"start":{"line":18,"column":8},"end":{"line":18,"column":111}},"4":{"start":{"line":23,"column":29},"end":{"line":23,"column":30}},"5":{"start":{"line":24,"column":8},"end":{"line":26,"column":9}},"6":{"start":{"line":25,"column":12},"end":{"line":25,"column":110}},"7":{"start":{"line":27,"column":8},"end":{"line":29,"column":9}},"8":{"start":{"line":28,"column":12},"end":{"line":28,"column":112}},"9":{"start":{"line":30,"column":8},"end":{"line":32,"column":9}},"10":{"start":{"line":31,"column":12},"end":{"line":31,"column":118}},"11":{"start":{"line":34,"column":8},"end":{"line":34,"column":30}},"12":{"start":{"line":38,"column":28},"end":{"line":38,"column":29}},"13":{"start":{"line":39,"column":8},"end":{"line":41,"column":9}},"14":{"start":{"line":40,"column":12},"end":{"line":40,"column":108}},"15":{"start":{"line":42,"column":8},"end":{"line":44,"column":9}},"16":{"start":{"line":43,"column":12},"end":{"line":43,"column":110}},"17":{"start":{"line":45,"column":8},"end":{"line":47,"column":9}},"18":{"start":{"line":46,"column":12},"end":{"line":46,"column":116}},"19":{"start":{"line":48,"column":8},"end":{"line":48,"column":29}},"20":{"start":{"line":52,"column":8},"end":{"line":52,"column":42}},"21":{"start":{"line":56,"column":8},"end":{"line":56,"column":78}},"22":{"start":{"line":60,"column":8},"end":{"line":60,"column":63}},"23":{"start":{"line":64,"column":8},"end":{"line":85,"column":null}},"24":{"start":{"line":89,"column":0},"end":{"line":89,"column":25}}},"fnMap":{"0":{"name":"(anonymous_0)","decl":{"start":{"line":12,"column":4},"end":{"line":12,"column":16}},"loc":{"start":{"line":12,"column":37},"end":{"line":20,"column":5}}},"1":{"name":"(anonymous_1)","decl":{"start":{"line":22,"column":4},"end":{"line":22,"column":21}},"loc":{"start":{"line":22,"column":21},"end":{"line":35,"column":5}}},"2":{"name":"(anonymous_2)","decl":{"start":{"line":37,"column":4},"end":{"line":37,"column":20}},"loc":{"start":{"line":37,"column":20},"end":{"line":49,"column":5}}},"3":{"name":"(anonymous_3)","decl":{"start":{"line":51,"column":4},"end":{"line":51,"column":11}},"loc":{"start":{"line":51,"column":11},"end":{"line":53,"column":5}}},"4":{"name":"(anonymous_4)","decl":{"start":{"line":55,"column":4},"end":{"line":55,"column":14}},"loc":{"start":{"line":55,"column":29},"end":{"line":57,"column":5}}},"5":{"name":"(anonymous_5)","decl":{"start":{"line":59,"column":4},"end":{"line":59,"column":13}},"loc":{"start":{"line":59,"column":13},"end":{"line":61,"column":5}}},"6":{"name":"(anonymous_6)","decl":{"start":{"line":63,"column":4},"end":{"line":63,"column":25}},"loc":{"start":{"line":63,"column":25},"end":{"line":86,"column":5}}}},"branchMap":{"0":{"loc":{"start":{"line":18,"column":26},"end":{"line":18,"column":110}},"type":"binary-expr","locations":[{"start":{"line":18,"column":26},"end":{"line":18,"column":46}},{"start":{"line":18,"column":50},"end":{"line":18,"column":110}}]},"1":{"loc":{"start":{"line":24,"column":8},"end":{"line":26,"column":9}},"type":"if","locations":[{"start":{"line":24,"column":8},"end":{"line":26,"column":9}},{"start":{},"end":{}}]},"2":{"loc":{"start":{"line":27,"column":8},"end":{"line":29,"column":9}},"type":"if","locations":[{"start":{"line":27,"column":8},"end":{"line":29,"column":9}},{"start":{},"end":{}}]},"3":{"loc":{"start":{"line":30,"column":8},"end":{"line":32,"column":9}},"type":"if","locations":[{"start":{"line":30,"column":8},"end":{"line":32,"column":9}},{"start":{},"end":{}}]},"4":{"loc":{"start":{"line":39,"column":8},"end":{"line":41,"column":9}},"type":"if","locations":[{"start":{"line":39,"column":8},"end":{"line":41,"column":9}},{"start":{},"end":{}}]},"5":{"loc":{"start":{"line":42,"column":8},"end":{"line":44,"column":9}},"type":"if","locations":[{"start":{"line":42,"column":8},"end":{"line":44,"column":9}},{"start":{},"end":{}}]},"6":{"loc":{"start":{"line":45,"column":8},"end":{"line":47,"column":9}},"type":"if","locations":[{"start":{"line":45,"column":8},"end":{"line":47,"column":9}},{"start":{},"end":{}}]},"7":{"loc":{"start":{"line":60,"column":15},"end":{"line":60,"column":62}},"type":"binary-expr","locations":[{"start":{"line":60,"column":15},"end":{"line":60,"column":29}},{"start":{"line":60,"column":33},"end":{"line":60,"column":62}}]}},"s":{"0":4,"1":194,"2":194,"3":194,"4":276,"5":276,"6":276,"7":276,"8":275,"9":276,"10":116,"11":276,"12":294,"13":294,"14":118,"15":294,"16":294,"17":294,"18":168,"19":294,"20":339,"21":129,"22":59,"23":150,"24":4},"f":{"0":194,"1":276,"2":294,"3":339,"4":129,"5":59,"6":150},"b":{"0":[194,133],"1":[276,0],"2":[275,1],"3":[116,160],"4":[118,176],"5":[294,0],"6":[168,126],"7":[59,54]}}
,"/home/coronell/projects/neo-take-home/repositories/characters.ts": {"path":"/home/coronell/projects/neo-take-home/repositories/characters.ts","statementMap":{"0":{"start":{"line":8,"column":8},"end":{"line":8,"column":31}},"1":{"start":{"line":12,"column":8},"end":{"line":12,"column":54}},"2":{"start":{"line":12,"column":41},"end":{"line":12,"column":52}},"3":{"start":{"line":16,"column":8},"end":{"line":16,"column":37}},"4":{"start":{"line":17,"column":8},"end":{"line":17,"column":40}},"5":{"start":{"line":18,"column":8},"end":{"line":18,"column":25}},"6":{"start":{"line":22,"column":22},"end":{"line":22,"column":65}},"7":{"start":{"line":22,"column":53},"end":{"line":22,"column":64}},"8":{"start":{"line":23,"column":8},"end":{"line":23,"column":39}},"9":{"start":{"line":23,"column":26},"end":{"line":23,"column":39}},"10":{"start":{"line":24,"column":8},"end":{"line":24,"column":43}},"11":{"start":{"line":25,"column":8},"end":{"line":25,"column":20}},"12":{"start":{"line":29,"column":30},"end":{"line":29,"column":52}},"13":{"start":{"line":30,"column":8},"end":{"line":30,"column":67}},"14":{"start":{"line":30,"column":54},"end":{"line":30,"column":65}},"15":{"start":{"line":31,"column":8},"end":{"line":31,"column":54}},"16":{"start":{"line":3,"column":0},"end":{"line":3,"column":13}},"17":{"start":{"line":4,"column":19},"end":{"line":4,"column":48}},"18":{"start":{"line":5,"column":19},"end":{"line":5,"column":30}}},"fnMap":{"0":{"name":"(anonymous_0)","decl":{"start":{"line":7,"column":4},"end":{"line":7,"column":10}},"loc":{"start":{"line":7,"column":18},"end":{"line":9,"column":5}}},"1":{"name":"(anonymous_1)","decl":{"start":{"line":11,"column":4},"end":{"line":11,"column":10}},"loc":{"start":{"line":11,"column":30},"end":{"line":13,"column":5}}},"2":{"name":"(anonymous_2)","decl":{"start":{"line":12,"column":36},"end":{"line":12,"column":37}},"loc":{"start":{"line":12,"column":41},"end":{"line":12,"column":52}}},"3":{"name":"(anonymous_3)","decl":{"start":{"line":15,"column":4},"end":{"line":15,"column":10}},"loc":{"start":{"line":15,"column":36},"end":{"line":19,"column":5}}},"4":{"name":"(anonymous_4)","decl":{"start":{"line":21,"column":4},"end":{"line":21,"column":10}},"loc":{"start":{"line":21,"column":50},"end":{"line":26,"column":5}}},"5":{"name":"(anonymous_5)","decl":{"start":{"line":22,"column":48},"end":{"line":22,"column":49}},"loc":{"start":{"line":22,"column":53},"end":{"line":22,"column":64}}},"6":{"name":"(anonymous_6)","decl":{"start":{"line":28,"column":4},"end":{"line":28,"column":10}},"loc":{"start":{"line":28,"column":28},"end":{"line":32,"column":5}}},"7":{"name":"(anonymous_7)","decl":{"start":{"line":30,"column":49},"end":{"line":30,"column":50}},"loc":{"start":{"line":30,"column":54},"end":{"line":30,"column":65}}}},"branchMap":{"0":{"loc":{"start":{"line":23,"column":8},"end":{"line":23,"column":39}},"type":"if","locations":[{"start":{"line":23,"column":8},"end":{"line":23,"column":39}},{"start":{},"end":{}}]}},"s":{"0":18,"1":150,"2":223,"3":106,"4":106,"5":106,"6":60,"7":90,"8":60,"9":1,"10":59,"11":59,"12":9,"13":9,"14":11,"15":9,"16":3,"17":3,"18":3},"f":{"0":18,"1":150,"2":223,"3":106,"4":60,"5":90,"6":9,"7":11},"b":{"0":[1,59]}}
,"/home/coronell/projects/neo-take-home/routes/battle.ts": {"path":"/home/coronell/projects/neo-take-home/routes/battle.ts","statementMap":{"0":{"start":{"line":1,"column":0},"end":{"line":1,"column":33}},"1":{"start":{"line":2,"column":0},"end":{"line":2,"column":57}},"2":{"start":{"line":4,"column":15},"end":{"line":4,"column":23}},"3":{"start":{"line":7,"column":0},"end":{"line":7,"column":47}},"4":{"start":{"line":9,"column":0},"end":{"line":9,"column":22}}},"fnMap":{},"branchMap":{},"s":{"0":0,"1":0,"2":0,"3":0,"4":0},"f":{},"b":{}}
,"/home/coronell/projects/neo-take-home/routes/characters.ts": {"path":"/home/coronell/projects/neo-take-home/routes/characters.ts","statementMap":{"0":{"start":{"line":1,"column":0},"end":{"line":1,"column":33}},"1":{"start":{"line":2,"column":0},"end":{"line":2,"column":64}},"2":{"start":{"line":4,"column":15},"end":{"line":4,"column":23}},"3":{"start":{"line":6,"column":0},"end":{"line":6,"column":44}},"4":{"start":{"line":7,"column":0},"end":{"line":7,"column":48}},"5":{"start":{"line":8,"column":0},"end":{"line":8,"column":45}},"6":{"start":{"line":9,"column":0},"end":{"line":9,"column":47}},"7":{"start":{"line":10,"column":0},"end":{"line":10,"column":50}},"8":{"start":{"line":12,"column":0},"end":{"line":12,"column":22}}},"fnMap":{},"branchMap":{},"s":{"0":0,"1":0,"2":0,"3":0,"4":0,"5":0,"6":0,"7":0,"8":0},"f":{},"b":{}}
,"/home/coronell/projects/neo-take-home/services/battle.ts": {"path":"/home/coronell/projects/neo-take-home/services/battle.ts","statementMap":{"0":{"start":{"line":2,"column":0},"end":{"line":2,"column":48}},"1":{"start":{"line":7,"column":19},"end":{"line":7,"column":74}},"2":{"start":{"line":8,"column":19},"end":{"line":8,"column":74}},"3":{"start":{"line":10,"column":8},"end":{"line":12,"column":9}},"4":{"start":{"line":11,"column":12},"end":{"line":11,"column":75}},"5":{"start":{"line":14,"column":8},"end":{"line":16,"column":9}},"6":{"start":{"line":15,"column":12},"end":{"line":15,"column":75}},"7":{"start":{"line":19,"column":8},"end":{"line":21,"column":9}},"8":{"start":{"line":20,"column":12},"end":{"line":20,"column":76}},"9":{"start":{"line":23,"column":8},"end":{"line":25,"column":9}},"10":{"start":{"line":24,"column":12},"end":{"line":24,"column":76}},"11":{"start":{"line":27,"column":18},"end":{"line":27,"column":163}},"12":{"start":{"line":30,"column":8},"end":{"line":56,"column":9}},"13":{"start":{"line":31,"column":25},"end":{"line":31,"column":62}},"14":{"start":{"line":32,"column":25},"end":{"line":32,"column":62}},"15":{"start":{"line":35,"column":12},"end":{"line":38,"column":13}},"16":{"start":{"line":36,"column":16},"end":{"line":36,"column":63}},"17":{"start":{"line":37,"column":16},"end":{"line":37,"column":63}},"18":{"start":{"line":40,"column":69},"end":{"line":40,"column":138}},"19":{"start":{"line":42,"column":12},"end":{"line":42,"column":166}},"20":{"start":{"line":44,"column":27},"end":{"line":44,"column":71}},"21":{"start":{"line":46,"column":12},"end":{"line":46,"column":40}},"22":{"start":{"line":48,"column":12},"end":{"line":48,"column":167}},"23":{"start":{"line":51,"column":12},"end":{"line":55,"column":13}},"24":{"start":{"line":52,"column":38},"end":{"line":52,"column":82}},"25":{"start":{"line":53,"column":16},"end":{"line":53,"column":51}},"26":{"start":{"line":54,"column":16},"end":{"line":54,"column":178}},"27":{"start":{"line":58,"column":23},"end":{"line":58,"column":45}},"28":{"start":{"line":59,"column":29},"end":{"line":59,"column":53}},"29":{"start":{"line":62,"column":8},"end":{"line":66,"column":11}},"30":{"start":{"line":67,"column":8},"end":{"line":71,"column":11}},"31":{"start":{"line":73,"column":8},"end":{"line":73,"column":115}},"32":{"start":{"line":75,"column":8},"end":{"line":75,"column":19}},"33":{"start":{"line":4,"column":0},"end":{"line":4,"column":13}}},"fnMap":{"0":{"name":"(anonymous_0)","decl":{"start":{"line":5,"column":4},"end":{"line":5,"column":10}},"loc":{"start":{"line":5,"column":65},"end":{"line":76,"column":5}}}},"branchMap":{"0":{"loc":{"start":{"line":10,"column":8},"end":{"line":12,"column":9}},"type":"if","locations":[{"start":{"line":10,"column":8},"end":{"line":12,"column":9}},{"start":{},"end":{}}]},"1":{"loc":{"start":{"line":14,"column":8},"end":{"line":16,"column":9}},"type":"if","locations":[{"start":{"line":14,"column":8},"end":{"line":16,"column":9}},{"start":{},"end":{}}]},"2":{"loc":{"start":{"line":19,"column":8},"end":{"line":21,"column":9}},"type":"if","locations":[{"start":{"line":19,"column":8},"end":{"line":21,"column":9}},{"start":{},"end":{}}]},"3":{"loc":{"start":{"line":23,"column":8},"end":{"line":25,"column":9}},"type":"if","locations":[{"start":{"line":23,"column":8},"end":{"line":25,"column":9}},{"start":{},"end":{}}]},"4":{"loc":{"start":{"line":30,"column":15},"end":{"line":30,"column":43}},"type":"binary-expr","locations":[{"start":{"line":30,"column":15},"end":{"line":30,"column":27}},{"start":{"line":30,"column":31},"end":{"line":30,"column":43}}]},"5":{"loc":{"start":{"line":40,"column":69},"end":{"line":40,"column":138}},"type":"cond-expr","locations":[{"start":{"line":40,"column":87},"end":{"line":40,"column":111}},{"start":{"line":40,"column":114},"end":{"line":40,"column":138}}]},"6":{"loc":{"start":{"line":51,"column":12},"end":{"line":55,"column":13}},"type":"if","locations":[{"start":{"line":51,"column":12},"end":{"line":55,"column":13}},{"start":{},"end":{}}]},"7":{"loc":{"start":{"line":58,"column":23},"end":{"line":58,"column":45}},"type":"cond-expr","locations":[{"start":{"line":58,"column":38},"end":{"line":58,"column":40}},{"start":{"line":58,"column":43},"end":{"line":58,"column":45}}]}},"s":{"0":1,"1":28,"2":28,"3":28,"4":1,"5":27,"6":1,"7":26,"8":1,"9":25,"10":1,"11":24,"12":24,"13":69,"14":69,"15":69,"16":0,"17":0,"18":69,"19":69,"20":69,"21":69,"22":69,"23":69,"24":52,"25":52,"26":52,"27":24,"28":24,"29":24,"30":24,"31":24,"32":24,"33":1},"f":{"0":28},"b":{"0":[1,27],"1":[1,26],"2":[1,25],"3":[1,24],"4":[93,78],"5":[41,28],"6":[52,17],"7":[9,15]}}
,"/home/coronell/projects/neo-take-home/services/characters.ts": {"path":"/home/coronell/projects/neo-take-home/services/characters.ts","statementMap":{"0":{"start":{"line":1,"column":0},"end":{"line":1,"column":45}},"1":{"start":{"line":5,"column":0},"end":{"line":5,"column":65}},"2":{"start":{"line":9,"column":33},"end":{"line":9,"column":35}},"3":{"start":{"line":11,"column":8},"end":{"line":13,"column":9}},"4":{"start":{"line":12,"column":12},"end":{"line":12,"column":78}},"5":{"start":{"line":15,"column":26},"end":{"line":15,"column":40}},"6":{"start":{"line":16,"column":8},"end":{"line":18,"column":9}},"7":{"start":{"line":17,"column":12},"end":{"line":17,"column":83}},"8":{"start":{"line":20,"column":8},"end":{"line":22,"column":9}},"9":{"start":{"line":21,"column":12},"end":{"line":21,"column":47}},"10":{"start":{"line":26,"column":27},"end":{"line":26,"column":56}},"11":{"start":{"line":27,"column":8},"end":{"line":31,"column":12}},"12":{"start":{"line":27,"column":46},"end":{"line":31,"column":10}},"13":{"start":{"line":35,"column":26},"end":{"line":35,"column":58}},"14":{"start":{"line":36,"column":8},"end":{"line":36,"column":73}},"15":{"start":{"line":40,"column":8},"end":{"line":40,"column":48}},"16":{"start":{"line":44,"column":8},"end":{"line":44,"column":55}},"17":{"start":{"line":45,"column":29},"end":{"line":45,"column":57}},"18":{"start":{"line":46,"column":31},"end":{"line":46,"column":69}},"19":{"start":{"line":47,"column":8},"end":{"line":47,"column":54}},"20":{"start":{"line":51,"column":34},"end":{"line":51,"column":66}},"21":{"start":{"line":52,"column":8},"end":{"line":52,"column":44}},"22":{"start":{"line":52,"column":32},"end":{"line":52,"column":44}},"23":{"start":{"line":54,"column":24},"end":{"line":54,"column":68}},"24":{"start":{"line":56,"column":8},"end":{"line":58,"column":9}},"25":{"start":{"line":57,"column":12},"end":{"line":57,"column":59}},"26":{"start":{"line":61,"column":31},"end":{"line":61,"column":59}},"27":{"start":{"line":62,"column":8},"end":{"line":67,"column":9}},"28":{"start":{"line":63,"column":12},"end":{"line":66,"column":24}},"29":{"start":{"line":69,"column":33},"end":{"line":73,"column":10}},"30":{"start":{"line":76,"column":8},"end":{"line":76,"column":33}},"31":{"start":{"line":77,"column":24},"end":{"line":77,"column":72}},"32":{"start":{"line":79,"column":8},"end":{"line":79,"column":73}},"33":{"start":{"line":83,"column":8},"end":{"line":83,"column":46}},"34":{"start":{"line":7,"column":0},"end":{"line":7,"column":13}}},"fnMap":{"0":{"name":"(anonymous_1)","decl":{"start":{"line":8,"column":12},"end":{"line":8,"column":18}},"loc":{"start":{"line":8,"column":53},"end":{"line":23,"column":5}}},"1":{"name":"(anonymous_2)","decl":{"start":{"line":25,"column":4},"end":{"line":25,"column":10}},"loc":{"start":{"line":25,"column":27},"end":{"line":32,"column":5}}},"2":{"name":"(anonymous_3)","decl":{"start":{"line":27,"column":30},"end":{"line":27,"column":31}},"loc":{"start":{"line":27,"column":46},"end":{"line":31,"column":10}}},"3":{"name":"(anonymous_4)","decl":{"start":{"line":34,"column":4},"end":{"line":34,"column":10}},"loc":{"start":{"line":34,"column":38},"end":{"line":37,"column":5}}},"4":{"name":"(anonymous_5)","decl":{"start":{"line":39,"column":4},"end":{"line":39,"column":10}},"loc":{"start":{"line":39,"column":46},"end":{"line":41,"column":5}}},"5":{"name":"(anonymous_6)","decl":{"start":{"line":43,"column":4},"end":{"line":43,"column":10}},"loc":{"start":{"line":43,"column":52},"end":{"line":48,"column":5}}},"6":{"name":"(anonymous_7)","decl":{"start":{"line":50,"column":4},"end":{"line":50,"column":10}},"loc":{"start":{"line":50,"column":112},"end":{"line":80,"column":5}}},"7":{"name":"(anonymous_8)","decl":{"start":{"line":82,"column":4},"end":{"line":82,"column":10}},"loc":{"start":{"line":82,"column":37},"end":{"line":84,"column":5}}}},"branchMap":{"0":{"loc":{"start":{"line":11,"column":8},"end":{"line":13,"column":9}},"type":"if","locations":[{"start":{"line":11,"column":8},"end":{"line":13,"column":9}},{"start":{},"end":{}}]},"1":{"loc":{"start":{"line":11,"column":12},"end":{"line":11,"column":47}},"type":"binary-expr","locations":[{"start":{"line":11,"column":12},"end":{"line":11,"column":27}},{"start":{"line":11,"column":31},"end":{"line":11,"column":47}}]},"2":{"loc":{"start":{"line":16,"column":8},"end":{"line":18,"column":9}},"type":"if","locations":[{"start":{"line":16,"column":8},"end":{"line":18,"column":9}},{"start":{},"end":{}}]},"3":{"loc":{"start":{"line":20,"column":8},"end":{"line":22,"column":9}},"type":"if","locations":[{"start":{"line":20,"column":8},"end":{"line":22,"column":9}},{"start":{},"end":{}}]},"4":{"loc":{"start":{"line":30,"column":20},"end":{"line":30,"column":58}},"type":"cond-expr","locations":[{"start":{"line":30,"column":42},"end":{"line":30,"column":49}},{"start":{"line":30,"column":52},"end":{"line":30,"column":58}}]},"5":{"loc":{"start":{"line":36,"column":15},"end":{"line":36,"column":72}},"type":"cond-expr","locations":[{"start":{"line":36,"column":27},"end":{"line":36,"column":60}},{"start":{"line":36,"column":63},"end":{"line":36,"column":72}}]},"6":{"loc":{"start":{"line":52,"column":8},"end":{"line":52,"column":44}},"type":"if","locations":[{"start":{"line":52,"column":8},"end":{"line":52,"column":44}},{"start":{},"end":{}}]},"7":{"loc":{"start":{"line":54,"column":24},"end":{"line":54,"column":68}},"type":"binary-expr","locations":[{"start":{"line":54,"column":24},"end":{"line":54,"column":42}},{"start":{"line":54,"column":46},"end":{"line":54,"column":68}}]},"8":{"loc":{"start":{"line":56,"column":8},"end":{"line":58,"column":9}},"type":"if","locations":[{"start":{"line":56,"column":8},"end":{"line":58,"column":9}},{"start":{},"end":{}}]},"9":{"loc":{"start":{"line":62,"column":8},"end":{"line":67,"column":9}},"type":"if","locations":[{"start":{"line":62,"column":8},"end":{"line":67,"column":9}},{"start":{},"end":{}}]},"10":{"loc":{"start":{"line":62,"column":12},"end":{"line":62,"column":68}},"type":"binary-expr","locations":[{"start":{"line":62,"column":12},"end":{"line":62,"column":36}},{"start":{"line":62,"column":40},"end":{"line":62,"column":68}}]},"11":{"loc":{"start":{"line":71,"column":17},"end":{"line":71,"column":59}},"type":"binary-expr","locations":[{"start":{"line":71,"column":17},"end":{"line":71,"column":34}},{"start":{"line":71,"column":38},"end":{"line":71,"column":59}}]},"12":{"loc":{"start":{"line":79,"column":15},"end":{"line":79,"column":72}},"type":"cond-expr","locations":[{"start":{"line":79,"column":25},"end":{"line":79,"column":65}},{"start":{"line":79,"column":68},"end":{"line":79,"column":72}}]}},"s":{"0":2,"1":2,"2":87,"3":87,"4":4,"5":87,"6":87,"7":2,"8":87,"9":5,"10":8,"11":8,"12":8,"13":11,"14":11,"15":71,"16":84,"17":80,"18":80,"19":80,"20":58,"21":58,"22":1,"23":57,"24":57,"25":3,"26":56,"27":56,"28":53,"29":56,"30":56,"31":56,"32":56,"33":3,"34":2},"f":{"0":87,"1":8,"2":8,"3":11,"4":71,"5":84,"6":58,"7":3},"b":{"0":[4,83],"1":[87,84],"2":[2,85],"3":[5,82],"4":[6,2],"5":[10,1],"6":[1,57],"7":[57,54],"8":[3,54],"9":[53,3],"10":[56,53],"11":[56,54],"12":[56,0]}}
,"/home/coronell/projects/neo-take-home/types/index.ts": {"path":"/home/coronell/projects/neo-take-home/types/index.ts","statementMap":{"0":{"start":{"line":1,"column":0},"end":{"line":1,"column":29}},"1":{"start":{"line":2,"column":0},"end":{"line":2,"column":29}},"2":{"start":{"line":3,"column":0},"end":{"line":3,"column":24}},"3":{"start":{"line":4,"column":0},"end":{"line":4,"column":22}}},"fnMap":{},"branchMap":{},"s":{"0":4,"1":4,"2":4,"3":4},"f":{},"b":{}}
,"/home/coronell/projects/neo-take-home/types/job.ts": {"path":"/home/coronell/projects/neo-take-home/types/job.ts","statementMap":{"0":{"start":{"line":1,"column":0},"end":{"line":1,"column":null}},"1":{"start":{"line":2,"column":4},"end":{"line":2,"column":null}},"2":{"start":{"line":3,"column":4},"end":{"line":3,"column":null}},"3":{"start":{"line":4,"column":4},"end":{"line":4,"column":null}}},"fnMap":{"0":{"name":"(anonymous_0)","decl":{"start":{"line":1,"column":0},"end":{"line":1,"column":12}},"loc":{"start":{"line":1,"column":15},"end":{"line":5,"column":1}}}},"branchMap":{"0":{"loc":{"start":{"line":1,"column":12},"end":{"line":1,"column":null}},"type":"binary-expr","locations":[{"start":{"line":1,"column":12},"end":{"line":1,"column":15}},{"start":{"line":1,"column":15},"end":{"line":1,"column":null}}]}},"s":{"0":4,"1":4,"2":4,"3":4},"f":{"0":4},"b":{"0":[4,4]}}
}
