TN:
SF:index.ts
FN:18,(anonymous_1)
FNF:1
FNH:0
FNDA:0,(anonymous_1)
DA:1,0
DA:2,0
DA:3,0
DA:4,0
DA:6,0
DA:8,0
DA:11,0
DA:12,0
DA:15,0
DA:16,0
DA:18,0
DA:19,0
LF:12
LH:0
BRDA:8,0,0,0
BRDA:8,0,1,0
BRF:2
BRH:0
end_of_record
TN:
SF:constants/index.ts
FNF:0
FNH:0
DA:1,4
DA:4,4
LF:2
LH:2
BRF:0
BRH:0
end_of_record
TN:
SF:controllers/battle.ts
FN:5,(anonymous_0)
FNF:1
FNH:0
FNDA:0,(anonymous_0)
DA:2,0
DA:4,0
DA:6,0
DA:7,0
DA:10,0
DA:11,0
DA:12,0
DA:15,0
DA:16,0
DA:17,0
DA:20,0
DA:21,0
DA:22,0
DA:25,0
DA:26,0
DA:28,0
DA:29,0
DA:30,0
DA:32,0
DA:35,0
LF:20
LH:0
BRDA:10,0,0,0
BRDA:10,0,1,0
BRDA:10,1,0,0
BRDA:10,1,1,0
BRDA:15,2,0,0
BRDA:15,2,1,0
BRDA:15,3,0,0
BRDA:15,3,1,0
BRDA:20,4,0,0
BRDA:20,4,1,0
BRDA:28,5,0,0
BRDA:28,5,1,0
BRDA:29,6,0,0
BRDA:29,6,1,0
BRDA:29,7,0,0
BRDA:29,7,1,0
BRDA:29,7,2,0
BRF:17
BRH:0
end_of_record
TN:
SF:controllers/characters.ts
FN:6,(anonymous_0)
FN:15,(anonymous_1)
FN:31,(anonymous_2)
FN:51,(anonymous_3)
FN:73,(anonymous_4)
FNF:5
FNH:0
FNDA:0,(anonymous_0)
FNDA:0,(anonymous_1)
FNDA:0,(anonymous_2)
FNDA:0,(anonymous_3)
FNDA:0,(anonymous_4)
DA:2,0
DA:5,0
DA:7,0
DA:8,0
DA:9,0
DA:11,0
DA:16,0
DA:17,0
DA:18,0
DA:20,0
DA:21,0
DA:22,0
DA:25,0
DA:27,0
DA:32,0
DA:33,0
DA:35,0
DA:36,0
DA:37,0
DA:40,0
DA:41,0
DA:43,0
DA:44,0
DA:46,0
DA:52,0
DA:53,0
DA:54,0
DA:56,0
DA:58,0
DA:59,0
DA:60,0
DA:63,0
DA:65,0
DA:66,0
DA:68,0
DA:74,0
DA:75,0
DA:76,0
DA:78,0
DA:79,0
DA:80,0
DA:83,0
DA:85,0
LF:43
LH:0
BRDA:20,0,0,0
BRDA:20,0,1,0
BRDA:35,1,0,0
BRDA:35,1,1,0
BRDA:35,2,0,0
BRDA:35,2,1,0
BRDA:43,3,0,0
BRDA:43,3,1,0
BRDA:43,4,0,0
BRDA:43,4,1,0
BRDA:58,5,0,0
BRDA:58,5,1,0
BRDA:65,6,0,0
BRDA:65,6,1,0
BRDA:65,7,0,0
BRDA:65,7,1,0
BRDA:78,8,0,0
BRDA:78,8,1,0
BRF:18
BRH:0
end_of_record
TN:
SF:models/characters.ts
FN:12,(anonymous_0)
FN:22,(anonymous_1)
FN:37,(anonymous_2)
FN:51,(anonymous_3)
FN:55,(anonymous_4)
FN:59,(anonymous_5)
FN:63,(anonymous_6)
FNF:7
FNH:7
FNDA:194,(anonymous_0)
FNDA:276,(anonymous_1)
FNDA:294,(anonymous_2)
FNDA:339,(anonymous_3)
FNDA:129,(anonymous_4)
FNDA:59,(anonymous_5)
FNDA:150,(anonymous_6)
DA:3,4
DA:13,194
DA:14,194
DA:18,194
DA:23,276
DA:24,276
DA:25,276
DA:27,276
DA:28,275
DA:30,276
DA:31,116
DA:34,276
DA:38,294
DA:39,294
DA:40,118
DA:42,294
DA:43,294
DA:45,294
DA:46,168
DA:48,294
DA:52,339
DA:56,129
DA:60,59
DA:64,150
DA:89,4
LF:25
LH:25
BRDA:18,0,0,194
BRDA:18,0,1,133
BRDA:24,1,0,276
BRDA:24,1,1,0
BRDA:27,2,0,275
BRDA:27,2,1,1
BRDA:30,3,0,116
BRDA:30,3,1,160
BRDA:39,4,0,118
BRDA:39,4,1,176
BRDA:42,5,0,294
BRDA:42,5,1,0
BRDA:45,6,0,168
BRDA:45,6,1,126
BRDA:60,7,0,59
BRDA:60,7,1,54
BRF:16
BRH:14
end_of_record
TN:
SF:repositories/characters.ts
FN:7,(anonymous_0)
FN:11,(anonymous_1)
FN:12,(anonymous_2)
FN:15,(anonymous_3)
FN:21,(anonymous_4)
FN:22,(anonymous_5)
FN:28,(anonymous_6)
FN:30,(anonymous_7)
FNF:8
FNH:8
FNDA:18,(anonymous_0)
FNDA:150,(anonymous_1)
FNDA:223,(anonymous_2)
FNDA:106,(anonymous_3)
FNDA:60,(anonymous_4)
FNDA:90,(anonymous_5)
FNDA:9,(anonymous_6)
FNDA:11,(anonymous_7)
DA:3,3
DA:4,3
DA:5,3
DA:8,18
DA:12,223
DA:16,106
DA:17,106
DA:18,106
DA:22,90
DA:23,60
DA:24,59
DA:25,59
DA:29,9
DA:30,11
DA:31,9
LF:15
LH:15
BRDA:23,0,0,1
BRDA:23,0,1,59
BRF:2
BRH:2
end_of_record
TN:
SF:routes/battle.ts
FNF:0
FNH:0
DA:1,0
DA:2,0
DA:4,0
DA:7,0
DA:9,0
LF:5
LH:0
BRF:0
BRH:0
end_of_record
TN:
SF:routes/characters.ts
FNF:0
FNH:0
DA:1,0
DA:2,0
DA:4,0
DA:6,0
DA:7,0
DA:8,0
DA:9,0
DA:10,0
DA:12,0
LF:9
LH:0
BRF:0
BRH:0
end_of_record
TN:
SF:services/battle.ts
FN:5,(anonymous_0)
FNF:1
FNH:1
FNDA:28,(anonymous_0)
DA:2,1
DA:4,1
DA:7,28
DA:8,28
DA:10,28
DA:11,1
DA:14,27
DA:15,1
DA:19,26
DA:20,1
DA:23,25
DA:24,1
DA:27,24
DA:30,24
DA:31,69
DA:32,69
DA:35,69
DA:36,0
DA:37,0
DA:40,69
DA:42,69
DA:44,69
DA:46,69
DA:48,69
DA:51,69
DA:52,52
DA:53,52
DA:54,52
DA:58,24
DA:59,24
DA:62,24
DA:67,24
DA:73,24
DA:75,24
LF:34
LH:32
BRDA:10,0,0,1
BRDA:10,0,1,27
BRDA:14,1,0,1
BRDA:14,1,1,26
BRDA:19,2,0,1
BRDA:19,2,1,25
BRDA:23,3,0,1
BRDA:23,3,1,24
BRDA:30,4,0,93
BRDA:30,4,1,78
BRDA:40,5,0,41
BRDA:40,5,1,28
BRDA:51,6,0,52
BRDA:51,6,1,17
BRDA:58,7,0,9
BRDA:58,7,1,15
BRF:16
BRH:16
end_of_record
TN:
SF:services/characters.ts
FN:8,(anonymous_1)
FN:25,(anonymous_2)
FN:27,(anonymous_3)
FN:34,(anonymous_4)
FN:39,(anonymous_5)
FN:43,(anonymous_6)
FN:50,(anonymous_7)
FN:82,(anonymous_8)
FNF:8
FNH:8
FNDA:87,(anonymous_1)
FNDA:8,(anonymous_2)
FNDA:8,(anonymous_3)
FNDA:11,(anonymous_4)
FNDA:71,(anonymous_5)
FNDA:84,(anonymous_6)
FNDA:58,(anonymous_7)
FNDA:3,(anonymous_8)
DA:1,2
DA:5,2
DA:7,2
DA:9,87
DA:11,87
DA:12,4
DA:15,87
DA:16,87
DA:17,2
DA:20,87
DA:21,5
DA:26,8
DA:27,8
DA:35,11
DA:36,11
DA:40,71
DA:44,84
DA:45,80
DA:46,80
DA:47,80
DA:51,58
DA:52,58
DA:54,57
DA:56,57
DA:57,3
DA:61,56
DA:62,56
DA:63,53
DA:69,56
DA:76,56
DA:77,56
DA:79,56
DA:83,3
LF:33
LH:33
BRDA:11,0,0,4
BRDA:11,0,1,83
BRDA:11,1,0,87
BRDA:11,1,1,84
BRDA:16,2,0,2
BRDA:16,2,1,85
BRDA:20,3,0,5
BRDA:20,3,1,82
BRDA:30,4,0,6
BRDA:30,4,1,2
BRDA:36,5,0,10
BRDA:36,5,1,1
BRDA:52,6,0,1
BRDA:52,6,1,57
BRDA:54,7,0,57
BRDA:54,7,1,54
BRDA:56,8,0,3
BRDA:56,8,1,54
BRDA:62,9,0,53
BRDA:62,9,1,3
BRDA:62,10,0,56
BRDA:62,10,1,53
BRDA:71,11,0,56
BRDA:71,11,1,54
BRDA:79,12,0,56
BRDA:79,12,1,0
BRF:26
BRH:25
end_of_record
TN:
SF:types/index.ts
FNF:0
FNH:0
DA:1,4
DA:2,4
DA:3,4
DA:4,4
LF:4
LH:4
BRF:0
BRH:0
end_of_record
TN:
SF:types/job.ts
FN:1,(anonymous_0)
FNF:1
FNH:1
FNDA:4,(anonymous_0)
DA:1,4
DA:2,4
DA:3,4
DA:4,4
LF:4
LH:4
BRDA:1,0,0,4
BRDA:1,0,1,4
BRF:2
BRH:2
end_of_record
